<?xml version="1.0" encoding="UTF-8"?>
<robot generator="Robot 3.1.1 (Python 3.7.2 on win32)" generated="20190217 12:08:24.461" rpa="false">
<suite id="s1" name="TestSuite1" source="C:\Users\hardik.nikul.panchal\eclipse-workspace\RobotProject1\test\TestSuite1.robot">
<kw name="Log" library="BuiltIn" type="setup">
<doc>Logs the given message with the given level.</doc>
<arguments>
<arg>I am inside Test Suite Setup</arg>
</arguments>
<msg timestamp="20190217 12:08:26.300" level="INFO">I am inside Test Suite Setup</msg>
<status status="PASS" starttime="20190217 12:08:26.299" endtime="20190217 12:08:26.300"></status>
</kw>
<test id="s1-t1" name="MyFirstTest">
<kw name="Log" library="BuiltIn" type="setup">
<doc>Logs the given message with the given level.</doc>
<arguments>
<arg>I am inside Test Setup</arg>
</arguments>
<msg timestamp="20190217 12:08:26.304" level="INFO">I am inside Test Setup</msg>
<status status="PASS" starttime="20190217 12:08:26.303" endtime="20190217 12:08:26.304"></status>
</kw>
<kw name="Log" library="BuiltIn">
<doc>Logs the given message with the given level.</doc>
<arguments>
<arg>Hello World...</arg>
</arguments>
<msg timestamp="20190217 12:08:26.305" level="INFO">Hello World...</msg>
<status status="PASS" starttime="20190217 12:08:26.305" endtime="20190217 12:08:26.306"></status>
</kw>
<kw name="Log" library="BuiltIn" type="teardown">
<doc>Logs the given message with the given level.</doc>
<arguments>
<arg>I am inside Test Teardown</arg>
</arguments>
<msg timestamp="20190217 12:08:26.307" level="INFO">I am inside Test Teardown</msg>
<status status="PASS" starttime="20190217 12:08:26.307" endtime="20190217 12:08:26.308"></status>
</kw>
<tags>
<tag>Smoke</tag>
</tags>
<status status="PASS" starttime="20190217 12:08:26.300" endtime="20190217 12:08:26.308" critical="yes"></status>
</test>
<test id="s1-t2" name="MySecondTest">
<kw name="Log" library="BuiltIn" type="setup">
<doc>Logs the given message with the given level.</doc>
<arguments>
<arg>I am inside Test Setup</arg>
</arguments>
<msg timestamp="20190217 12:08:26.314" level="INFO">I am inside Test Setup</msg>
<status status="PASS" starttime="20190217 12:08:26.313" endtime="20190217 12:08:26.314"></status>
</kw>
<kw name="Log" library="BuiltIn">
<doc>Logs the given message with the given level.</doc>
<arguments>
<arg>This is 2nd Test</arg>
</arguments>
<msg timestamp="20190217 12:08:26.316" level="INFO">This is 2nd Test</msg>
<status status="PASS" starttime="20190217 12:08:26.315" endtime="20190217 12:08:26.317"></status>
</kw>
<kw name="Log" library="BuiltIn" type="teardown">
<doc>Logs the given message with the given level.</doc>
<arguments>
<arg>I am inside Test Teardown</arg>
</arguments>
<msg timestamp="20190217 12:08:26.320" level="INFO">I am inside Test Teardown</msg>
<status status="PASS" starttime="20190217 12:08:26.320" endtime="20190217 12:08:26.321"></status>
</kw>
<tags>
<tag>Regression</tag>
</tags>
<status status="PASS" starttime="20190217 12:08:26.311" endtime="20190217 12:08:26.321" critical="yes"></status>
</test>
<test id="s1-t3" name="MyThirdTest">
<kw name="Log" library="BuiltIn" type="setup">
<doc>Logs the given message with the given level.</doc>
<arguments>
<arg>I am inside Test Setup</arg>
</arguments>
<msg timestamp="20190217 12:08:26.325" level="INFO">I am inside Test Setup</msg>
<status status="PASS" starttime="20190217 12:08:26.325" endtime="20190217 12:08:26.326"></status>
</kw>
<kw name="Log" library="BuiltIn">
<doc>Logs the given message with the given level.</doc>
<arguments>
<arg>This is 3rd Test</arg>
</arguments>
<msg timestamp="20190217 12:08:26.329" level="INFO">This is 3rd Test</msg>
<status status="PASS" starttime="20190217 12:08:26.328" endtime="20190217 12:08:26.329"></status>
</kw>
<kw name="Log" library="BuiltIn" type="teardown">
<doc>Logs the given message with the given level.</doc>
<arguments>
<arg>I am inside Test Teardown</arg>
</arguments>
<msg timestamp="20190217 12:08:26.331" level="INFO">I am inside Test Teardown</msg>
<status status="PASS" starttime="20190217 12:08:26.330" endtime="20190217 12:08:26.331"></status>
</kw>
<tags>
<tag>Sanity</tag>
</tags>
<status status="PASS" starttime="20190217 12:08:26.323" endtime="20190217 12:08:26.331" critical="yes"></status>
</test>
<kw name="Log" library="BuiltIn" type="teardown">
<doc>Logs the given message with the given level.</doc>
<arguments>
<arg>I am inside Test Suite Teardown</arg>
</arguments>
<msg timestamp="20190217 12:08:26.335" level="INFO">I am inside Test Suite Teardown</msg>
<status status="PASS" starttime="20190217 12:08:26.334" endtime="20190217 12:08:26.335"></status>
</kw>
<status status="PASS" starttime="20190217 12:08:24.474" endtime="20190217 12:08:26.336"></status>
</suite>
<statistics>
<total>
<stat pass="3" fail="0">Critical Tests</stat>
<stat pass="3" fail="0">All Tests</stat>
</total>
<tag>
<stat pass="1" fail="0">Regression</stat>
<stat pass="1" fail="0">Sanity</stat>
<stat pass="1" fail="0">Smoke</stat>
</tag>
<suite>
<stat pass="3" fail="0" id="s1" name="TestSuite1">TestSuite1</stat>
</suite>
</statistics>
<errors>
</errors>
</robot>
